Build started 2/13/2012 1:54:24 PM.
     1>Project "C:\Users\linda\Dropbox\Computer_Science_II\Course_Code\GameOfLife\GameOfLife\GameOfLife.vcxproj" on node 2 (build target(s)).
     1>InitializeBuildStatus:
         Touching "Debug\GameOfLife.unsuccessfulbuild".
       ClCompile:
         c:\Program Files (x86)\Microsoft Visual Studio 10.0\VC\bin\CL.exe /c /ZI /nologo /W3 /WX- /Od /Oy- /D _MBCS /Gm /EHsc /RTC1 /MDd /GS /fp:precise /Zc:wchar_t /Zc:forScope /Fo"Debug\\" /Fd"Debug\vc100.pdb" /Gd /TP /analyze- /errorReport:prompt main.cpp
         main.cpp
     1>c:\users\linda\dropbox\computer_science_ii\course_code\gameoflife\gameoflife\main.cpp(8): error C2143: syntax error : missing ';' before '.'
     1>c:\users\linda\dropbox\computer_science_ii\course_code\gameoflife\gameoflife\main.cpp(8): error C2086: 'LifeClass Game' : redefinition
                 c:\users\linda\dropbox\computer_science_ii\course_code\gameoflife\gameoflife\main.cpp(7) : see declaration of 'Game'
     1>Done Building Project "C:\Users\linda\Dropbox\Computer_Science_II\Course_Code\GameOfLife\GameOfLife\GameOfLife.vcxproj" (build target(s)) -- FAILED.

Build FAILED.

Time Elapsed 00:00:01.85
